# Nmap 7.80 scan initiated Tue Dec  8 13:23:35 2020 as: nmap -sC -sV -A -O -oN day08-whats-under-the-christmas-tree/nmap.log 10.10.2.45
Nmap scan report for tbfc.blog (10.10.2.45)
Host is up (0.10s latency).
Not shown: 997 closed ports
PORT     STATE SERVICE       VERSION
80/tcp   open  http          Apache httpd 2.4.29 ((Ubuntu))
|_http-generator: Hugo 0.78.2
|_http-server-header: Apache/2.4.29 (Ubuntu)
|_http-title: TBFC&#39;s Internal Blog
2222/tcp open  ssh           OpenSSH 7.6p1 Ubuntu 4ubuntu0.3 (Ubuntu Linux; protocol 2.0)
| ssh-hostkey: 
|   2048 cf:c9:99:d0:5c:09:27:cd:a1:a8:1b:c2:b1:d5:ef:a6 (RSA)
|   256 4c:d4:f9:20:6b:ce:fc:62:99:54:7d:c2:b4:b2:f2:b2 (ECDSA)
|_  256 d0:e6:72:18:b5:20:89:75:d5:69:74:ac:cc:b8:3b:9b (ED25519)
3389/tcp open  ms-wbt-server xrdp
No exact OS matches for host (If you know what OS is running on it, see https://nmap.org/submit/ ).
TCP/IP fingerprint:
OS:SCAN(V=7.80%E=4%D=12/8%OT=80%CT=1%CU=33143%PV=Y%DS=4%DC=T%G=Y%TM=5FCFC50
OS:7%P=x86_64-pc-linux-gnu)SEQ(SP=F6%GCD=1%ISR=10C%TI=Z%CI=Z%II=I%TS=A)OPS(
OS:O1=M509ST11NW6%O2=M509ST11NW6%O3=M509NNT11NW6%O4=M509ST11NW6%O5=M509ST11
OS:NW6%O6=M509ST11)WIN(W1=F4B3%W2=F4B3%W3=F4B3%W4=F4B3%W5=F4B3%W6=F4B3)ECN(
OS:R=Y%DF=Y%T=40%W=F507%O=M509NNSNW6%CC=Y%Q=)T1(R=Y%DF=Y%T=40%S=O%A=S+%F=AS
OS:%RD=0%Q=)T2(R=N)T3(R=N)T4(R=Y%DF=Y%T=40%W=0%S=A%A=Z%F=R%O=%RD=0%Q=)T5(R=
OS:Y%DF=Y%T=40%W=0%S=Z%A=S+%F=AR%O=%RD=0%Q=)T6(R=Y%DF=Y%T=40%W=0%S=A%A=Z%F=
OS:R%O=%RD=0%Q=)T7(R=Y%DF=Y%T=40%W=0%S=Z%A=S+%F=AR%O=%RD=0%Q=)U1(R=Y%DF=N%T
OS:=40%IPL=164%UN=0%RIPL=G%RID=G%RIPCK=G%RUCK=G%RUD=G)IE(R=Y%DFI=N%T=40%CD=
OS:S)

Network Distance: 4 hops
Service Info: OS: Linux; CPE: cpe:/o:linux:linux_kernel

TRACEROUTE (using port 22/tcp)
HOP RTT       ADDRESS
1   34.37 ms  10.6.0.1
2   ... 3
4   102.32 ms tbfc.blog (10.10.2.45)

OS and Service detection performed. Please report any incorrect results at https://nmap.org/submit/ .
# Nmap done at Tue Dec  8 13:25:11 2020 -- 1 IP address (1 host up) scanned in 96.53 seconds
