# Nmap 7.80 scan initiated Sun Dec 13 13:35:26 2020 as: nmap -sC -sV -oN nmap.log 10.10.49.209
Nmap scan report for 10.10.49.209
Host is up (0.11s latency).
Not shown: 997 closed ports
PORT    STATE SERVICE VERSION
22/tcp  open  ssh     OpenSSH 5.9p1 Debian 5ubuntu1 (Ubuntu Linux; protocol 2.0)
| ssh-hostkey: 
|   1024 68:60:de:c2:2b:c6:16:d8:5b:88:be:e3:cc:a1:25:75 (DSA)
|   2048 50:db:75:ba:11:2f:43:c9:ab:14:40:6d:7f:a1:ee:e3 (RSA)
|_  256 11:5d:55:29:8a:77:d8:08:b4:00:9b:a3:61:93:fe:e5 (ECDSA)
23/tcp  open  telnet  Linux telnetd
111/tcp open  rpcbind 2-4 (RPC #100000)
| rpcinfo: 
|   program version    port/proto  service
|   100000  2,3,4        111/tcp   rpcbind
|   100000  2,3,4        111/udp   rpcbind
|   100000  3,4          111/tcp6  rpcbind
|   100000  3,4          111/udp6  rpcbind
|   100024  1          43633/udp6  status
|   100024  1          50615/tcp6  status
|   100024  1          52966/udp   status
|_  100024  1          58940/tcp   status
Service Info: OS: Linux; CPE: cpe:/o:linux:linux_kernel

Service detection performed. Please report any incorrect results at https://nmap.org/submit/ .
# Nmap done at Sun Dec 13 13:35:53 2020 -- 1 IP address (1 host up) scanned in 27.48 seconds
