# Nmap 7.80 scan initiated Mon Dec 21 00:14:15 2020 as: nmap -sC -sV -vvv -Pn -oN nmap.log 10.10.90.95
Nmap scan report for 10.10.90.95
Host is up, received user-set (0.15s latency).
Scanned at 2020-12-21 00:14:15 EST for 136s

PORT     STATE    SERVICE            REASON      VERSION
22/tcp   open     ssh                syn-ack     OpenSSH for_Windows_7.7 (protocol 2.0)
| ssh-hostkey: 
|   2048 46:c9:88:d2:bf:24:fc:2b:6d:1a:d1:40:66:35:7c:9e (RSA)
| ssh-rsa AAAAB3NzaC1yc2EAAAADAQABAAABAQDG20y9A9ZOFg8FlZX8dj3Ads9eNPaM2AbQNcoTAiQ++ry0yJQ61EWNpywiuQBsilnlcKUuApuKzVCw6xOTyTTM8v3Y35EpguRa0ORUqtxSM5thfgUzte37gx1vRJY4lMLLVyoVSrniqzYKIzIPxJ83bE6qqp0YfAXgrLXfIB5s7bqkvAi9s82YbIzdZG0wwLF6jvzd//LEWIUpzdWh699dhtpmw1Gx/xoSzgJSI3e6O+A1/uFlKH+8xs+NKP19VT6syOhen7sEZCwEYiTp+SC/tQME2IqDasbJbYO/qkDjvf8NMC5FbZXub2eXGrpWVCGb6OTXGWVuPr2OyDtm1uB5
|   256 d7:e5:3b:ee:85:04:be:43:72:95:af:5e:d0:23:4f:75 (ECDSA)
| ecdsa-sha2-nistp256 AAAAE2VjZHNhLXNoYTItbmlzdHAyNTYAAAAIbmlzdHAyNTYAAABBBCawQCJ2ZDIqY0N7T+dCk9OHMwiIcSvJgHTS14steAfXxJhc1POGgwCRnphnIJkTf4NONowg9aOPtx2QavBlin0=
|   256 d8:55:17:df:62:49:aa:53:54:4f:ea:c8:9f:0f:23:3a (ED25519)
|_ssh-ed25519 AAAAC3NzaC1lZDI1NTE5AAAAIGnBFzf0TwSMnLtmxsK+p9vJ88zBnn3eZMZWs94HvH6R
135/tcp  filtered msrpc              no-response
139/tcp  filtered netbios-ssn        no-response
3389/tcp open     ssl/ms-wbt-server? syn-ack
| rdp-ntlm-info: 
|   Target_Name: ELFSTATION1
|   NetBIOS_Domain_Name: ELFSTATION1
|   NetBIOS_Computer_Name: ELFSTATION1
|   DNS_Domain_Name: elfstation1
|   DNS_Computer_Name: elfstation1
|   Product_Version: 10.0.17763
|_  System_Time: 2020-12-21T05:15:59+00:00
| ssl-cert: Subject: commonName=elfstation1
| Issuer: commonName=elfstation1
| Public Key type: rsa
| Public Key bits: 2048
| Signature Algorithm: sha256WithRSAEncryption
| Not valid before: 2020-11-25T19:32:43
| Not valid after:  2021-05-27T19:32:43
| MD5:   c758 c5e4 96f8 79da faeb 2bee 0d40 106a
| SHA-1: da55 a88c 85b6 a5c9 a276 f29c e601 e1d5 a43c 5a1c
| -----BEGIN CERTIFICATE-----
| MIIC2jCCAcKgAwIBAgIQIpwqDBMTEatPgLJFmX7eujANBgkqhkiG9w0BAQsFADAW
| MRQwEgYDVQQDEwtlbGZzdGF0aW9uMTAeFw0yMDExMjUxOTMyNDNaFw0yMTA1Mjcx
| OTMyNDNaMBYxFDASBgNVBAMTC2VsZnN0YXRpb24xMIIBIjANBgkqhkiG9w0BAQEF
| AAOCAQ8AMIIBCgKCAQEAt722kfoul/6FEuGnkMttTkZN4CM4/VtdWFG4EqHpknBa
| 2NND1Ip9aU6DPEEffv8ZILaReZ0CqAppCfgEJnBLeBD/76MctQNH9FjB7c1E+kJK
| GYQVyYp0c6/aHQ0ymoYtd0RNDHFC3P6O13I6YAvO8sK/XdrOZg7ETfc1BWogNIh3
| A4n9WaKDHcVbMQAgtk5EgztB+G6nvAsQsfOLOxIHhtKnSY3NSi2Sig0hIGNbTiU2
| 4y/0N3zwNf7spB536+SezKiS5A1Nei7nft1x5ezAtz2AWvWDfn8kwHr4Fq4bm4yB
| m1jTKw+ujNsdpHULfdXU/zXmI1fWLqXtbwrTSAPx0QIDAQABoyQwIjATBgNVHSUE
| DDAKBggrBgEFBQcDATALBgNVHQ8EBAMCBDAwDQYJKoZIhvcNAQELBQADggEBACAQ
| H/A5/Gi1Q/Wou0hHBke8Z2tE7TpBrTnjAobLJr3wjZ+PEN6+a2KTS5ZLhHWuDSkW
| 9qToAT2oFPaP++aLTSL9+6mcbahrtrXJdLvLOzAQNEac1+Ji23awTGrzXUXGVTAk
| w4UF0X1b8JKH8XikFskkiL+/9lNCxZlc54j+q/TLvdZOYz8wXNSgUm41Zw8JPtgf
| DhLYRLWRqv5how6KVeunnSX4SAPh9DEPTz/53FldMl4gUe95iX8rWUfgGVF++MHZ
| z3shFQ+F0K75BoUZXX3P1yZrJeXh85iE80WwmC//2phrmYtzWYviMNYjW0NJ/1il
| xdKrslVJaM9NENvIg9s=
|_-----END CERTIFICATE-----
|_ssl-date: 2020-12-21T05:16:31+00:00; 0s from scanner time.

Host script results:
|_clock-skew: mean: 0s, deviation: 0s, median: 0s

Read data files from: /usr/bin/../share/nmap
Service detection performed. Please report any incorrect results at https://nmap.org/submit/ .
# Nmap done at Mon Dec 21 00:16:31 2020 -- 1 IP address (1 host up) scanned in 136.82 seconds
