# Nmap 7.80 scan initiated Sat Dec 12 14:14:26 2020 as: nmap -sC -sV -Pn -oN nmap.log 10.10.114.161
Nmap scan report for 10.10.114.161
Host is up (0.11s latency).
Not shown: 997 filtered ports
PORT     STATE SERVICE       VERSION
3389/tcp open  ms-wbt-server Microsoft Terminal Services
| rdp-ntlm-info: 
|   Target_Name: TBFC-WEB-01
|   NetBIOS_Domain_Name: TBFC-WEB-01
|   NetBIOS_Computer_Name: TBFC-WEB-01
|   DNS_Domain_Name: tbfc-web-01
|   DNS_Computer_Name: tbfc-web-01
|   Product_Version: 10.0.17763
|_  System_Time: 2020-12-12T19:14:46+00:00
| ssl-cert: Subject: commonName=tbfc-web-01
| Not valid before: 2020-11-27T01:29:04
|_Not valid after:  2021-05-29T01:29:04
|_ssl-date: 2020-12-12T19:14:47+00:00; -1s from scanner time.
8009/tcp open  ajp13         Apache Jserv (Protocol v1.3)
| ajp-methods: 
|_  Supported methods: GET HEAD POST OPTIONS
8080/tcp open  http          Apache Tomcat 9.0.17
|_http-favicon: Apache Tomcat
|_http-title: Apache Tomcat/9.0.17
Service Info: OS: Windows; CPE: cpe:/o:microsoft:windows

Service detection performed. Please report any incorrect results at https://nmap.org/submit/ .
# Nmap done at Sat Dec 12 14:14:48 2020 -- 1 IP address (1 host up) scanned in 21.81 seconds
