# Nmap 7.80 scan initiated Thu Dec 24 15:23:48 2020 as: nmap -sC -sV -vvv -oN nmap.log 10.10.126.85
Nmap scan report for 10.10.126.85
Host is up, received syn-ack (0.16s latency).
Scanned at 2020-12-24 15:23:48 EST for 37s
Not shown: 998 closed ports
Reason: 998 conn-refused
PORT      STATE SERVICE REASON  VERSION
80/tcp    open  http    syn-ack Apache httpd 2.4.29 ((Ubuntu))
| http-methods: 
|_  Supported Methods: POST OPTIONS HEAD GET
|_http-server-header: Apache/2.4.29 (Ubuntu)
65000/tcp open  http    syn-ack Apache httpd 2.4.29 ((Ubuntu))
| http-cookie-flags: 
|   /: 
|     PHPSESSID: 
|_      httponly flag not set
| http-methods: 
|_  Supported Methods: GET HEAD POST OPTIONS
|_http-server-header: Apache/2.4.29 (Ubuntu)
|_http-title: Light Cycle

Read data files from: /usr/bin/../share/nmap
Service detection performed. Please report any incorrect results at https://nmap.org/submit/ .
# Nmap done at Thu Dec 24 15:24:25 2020 -- 1 IP address (1 host up) scanned in 36.97 seconds
